<?xml version="1.0" encoding="UTF-8"?>
<!-- Generated by org.testng.reporters.JUnitXMLReporter -->
<testsuite ignored="0" hostname="USMUMRATTAR2" failures="0" tests="5" name="Travelers POC Test Test Cases" time="148.352" errors="0" timestamp="2020-04-08T15:17:18 IST">
  <testcase classname="com.travelers.qa.testcases.HomePageTest" name="verifyApplicationTest" time="3.254"/>
  <testcase classname="com.travelers.qa.testcases.HomePageTest" name="verifyTravLogoTest" time="9.966"/>
  <testcase classname="com.travelers.qa.testcases.OpporunityPageTest" name="createNewOpportunityTest" time="18.796"/>
  <testcase classname="com.travelers.qa.testcases.OpporunityPageTest" name="createNewOpportunityTest" time="9.477"/>
  <testcase classname="com.travelers.qa.testcases.OpporunityPageTest" name="createNewOpportunityTest" time="9.064"/>
</testsuite> <!-- Travelers POC Test Test Cases -->
